<?xml version="1.0" encoding="UTF-8"?>
<robot generator="Robot 7.0 (Python 3.10.1 on win32)" generated="2024-02-08T17:53:31.829651" rpa="false" schemaversion="5">
<suite id="s1" name="DEMO" source="D:\DEMO">
<suite id="s1-s1" name="Tests" source="D:\DEMO\tests">
<suite id="s1-s1-s1" name="Tests" source="D:\DEMO\tests\Tests.robot">
<test id="s1-s1-s1-t1" name="TC_2 save points table in csv" line="26">
<kw name="Create Dictionary" owner="BuiltIn">
<msg time="2024-02-08T17:53:32.002746" level="INFO">${dict Name2} = {'key1': 'name'}</msg>
<var>${dict Name2}</var>
<arg>key1=name</arg>
<doc>Creates and returns a dictionary based on the given ``items``.</doc>
<status status="PASS" start="2024-02-08T17:53:32.002746" elapsed="0.000000"/>
</kw>
<kw name="Log" owner="BuiltIn">
<msg time="2024-02-08T17:53:32.002746" level="INFO">Create Dictionary key2=name</msg>
<arg>${dict_name}</arg>
<doc>Logs the given message with the given level.</doc>
<status status="PASS" start="2024-02-08T17:53:32.002746" elapsed="0.000000"/>
</kw>
<kw name="Log" owner="BuiltIn">
<msg time="2024-02-08T17:53:32.002746" level="INFO">{'key1': 'name'}</msg>
<arg>${dict_Name2}</arg>
<doc>Logs the given message with the given level.</doc>
<status status="PASS" start="2024-02-08T17:53:32.002746" elapsed="0.000000"/>
</kw>
<kw name="Sqr Generator" owner="operations">
<msg time="2024-02-08T17:53:32.002746" level="INFO">${sqr_gen} = &lt;generator object sqr_generator at 0x0000014C06879380&gt;</msg>
<var>${sqr_gen}</var>
<doc>Doc string for sqr generator
A Generator in Python is a function that returns an iterator using the Yield keyword. </doc>
<status status="PASS" start="2024-02-08T17:53:32.002746" elapsed="0.000000"/>
</kw>
<for flavor="IN">
<iter>
<kw name="Log" owner="BuiltIn">
<msg time="2024-02-08T17:53:32.002746" level="INFO">"generator object = &lt;generator object sqr_generator at 0x0000014C06879380&gt;"</msg>
<arg>message="generator object = ${sqr_}"</arg>
<doc>Logs the given message with the given level.</doc>
<status status="PASS" start="2024-02-08T17:53:32.002746" elapsed="0.000000"/>
</kw>
<var name="${sqr_}">&lt;generator object sqr_generator at 0x0000014C06879380&gt;</var>
<status status="PASS" start="2024-02-08T17:53:32.002746" elapsed="0.000000"/>
</iter>
<var>${sqr_}</var>
<value>${sqr_gen}</value>
<status status="PASS" start="2024-02-08T17:53:32.002746" elapsed="0.000000"/>
</for>
<kw name="Close Browser" owner="SeleniumLibrary" type="TEARDOWN">
<doc>Closes the current browser.</doc>
<status status="PASS" start="2024-02-08T17:53:32.002746" elapsed="0.000000"/>
</kw>
<status status="PASS" start="2024-02-08T17:53:32.002746" elapsed="0.000000"/>
</test>
<status status="PASS" start="2024-02-08T17:53:31.852749" elapsed="0.149997"/>
</suite>
<status status="PASS" start="2024-02-08T17:53:31.852749" elapsed="0.149997"/>
</suite>
<status status="PASS" start="2024-02-08T17:53:31.831659" elapsed="0.171087"/>
</suite>
<statistics>
<total>
<stat pass="1" fail="0" skip="0">All Tests</stat>
</total>
<tag>
</tag>
<suite>
<stat pass="1" fail="0" skip="0" id="s1" name="DEMO">DEMO</stat>
<stat pass="1" fail="0" skip="0" id="s1-s1" name="Tests">DEMO.Tests</stat>
<stat pass="1" fail="0" skip="0" id="s1-s1-s1" name="Tests">DEMO.Tests.Tests</stat>
</suite>
</statistics>
<errors>
</errors>
</robot>
